WARNING:
Has no direction. Using default param
SUCCESS:
Render this object
Block:
object={type=plane;rotation={0.0,0.0,0.0};origin={-10.0,-1.0,-10.0};scaling={1.0,1.0,1.0};vector1={0.0,0.0,0.0};vector2={20.0,0.0,20.0};texture={type=checker;even={0.5,0.5,0.5};odd={0.0,0.0,1.0}};material={type=matte;kt=0.95;kd=1.0;ka=0.25}}

WARNING:
Has no direction. Using default param
SUCCESS:
Render this object
Block:
object={type=sphere;radius=1.0;origin={1.0,0.0,0.0};scaling={1.0,1.0,1.0};texture={type=solid;color={1.0,0.0,0.0}};material={type=mirror;kd=1.0;kd=0.25;kt=1.5;kr=1.0}}

WARNING:
Has no direction. Using default param
SUCCESS:
Render this object
Block:
object={type=sphere;radius=1.0;origin={0.0,0.0,0.0};scaling={1.0,4.0,1.0};rotation={0.0,0.0,45.0};texture={type=checker;odd={0.8,0.3,0.3};even={0.5,0.5,0.0}};material={type=phong;ks=0.2;exp=10.0;kd=0.8;ka=0.25}}

WARNING:
Has no direction. Using default param
SUCCESS:
Render this object
Block:
object={type=cylinder;radius=1.0;origin={-4.5,-1.0,0.0};rotation={-30.0,0.0,45.0};scaling={1.0,4.0,1.0};texture={type=solid;color={0.8,0.6,0.2}};material={type=matte;kr=0.95;kd=0.8;ks=0.1;exp=100000.0};minm=0.0;maxm=1.0}

WARNING:
Has no direction. Using default param
SUCCESS:
Render this object
Block:
object={type=cone;origin={-3.0,2.0,-4.0};rotation={180.0,0.0,0.0};scaling={1.0,1.0,1.0};texture={type=turbulence_perlin;scale=0.5};material={type=matte;kr=1.0;kt=1.333;kd=2.0;exp=0.1};radius2=60.0;minm=0.0;maxm=1.5}

WARNING:
Has no direction. Using default param
SUCCESS:
Render this object
Block:
object={type=sphere;radius=1.0;origin={3.0,1.0,1.0};rotation={0.0,0.0,0.0};scaling={2.0,2.0,2.0};texture={type=solid;color={0.3,0.2,0.7}};material={type=matte;kd=1.0}}

WARNING:
Has no direction. Using default param
SUCCESS:
Render this object
Block:
object={type=sphere;radius=1.0;origin={-3.0,0.0,-4.0};rotation={0.0,0.0,0.0};scaling={1.0,1.0,1.0};texture={type=turbulence_perlin;scale=0.5};material={type=matte;kr=1.0;kt=1.333;kd=2.0}}

WARNING:
Has no direction. Using default param
SUCCESS:
Render this object
Block:
object={type=sphere;radius=1.0;origin={3.0,-0.25,-2.5};rotation={0.0,0.0,0.0};scaling={0.75,0.75,0.75};texture={type=smooth_perlin;scale=20.0;type=solid;color={0.3,0.2,0.7}};material={type=mirror;kr=1.0;exp=0.1;kd=1.0}}

WARNING:
Has no direction. Using default param
SUCCESS:
Render this object
Block:
object={type=sphere;radius=1.0;origin={3.0,-0.5,-3.5};rotation={0.0,0.0,0.0};scaling={0.5,0.5,0.5};texture={type=turbulence_perlin;scale=3.0};material={type=matte;kd=1.0;}}

ERROR:
Object type does not exist
WARNING:
Has no origin. Using default param
WARNING:
Has no direction. Using default param
UNSUCCESS:
Skip this object
Block:
#object={#type=triangle;#origin={0.0,0.0,-2.0};#vector1={1.0,0.0,0.0};#vector2={0.0,1.0,0.0};#rotation={0.0,0.0,0.0};#scaling={1.0,1.0,1.0};#texture={#type=solid;#color={1.0,0.0,1.0}#};#material={#type=matte#}#}

Comment:
orthographic,perspective,thin_lens,fisheye,spherical,stereo

