Block:
options={background_color={0.1,0.1,0.1};ambient_illumination=occluder;ambient_coefficient=0.5;ambient_occlusion={1,1,1};shadows=true;tracer_type=path_tracer}

WARNING:
Has no direction. Using default param
SUCCESS:
Render this object
Block:
object={type=box;origin={0.0,0.0,0.0};vector1={0.0,0.0,0.0};vector2={0.01,555.0,555.0};texture={type=solid;color={1.0,0.0,0.0}};material={type=matte;kd=1}}

WARNING:
Has no direction. Using default param
SUCCESS:
Render this object
Block:
object={type=rectangle;origin={213,553,250};radius=130;radius2=105;rotation={90,0,0};vector1={1,0,0};vector2={0,1,0};texture={type=solid;color={1,1,1}};material={type=emissive;ls=15;}}

Block:
camera={origin={278,278,-800};direction={0,0,1};d=900;zoom=1.0}

WARNING:
Has no direction. Using default param
SUCCESS:
Render this object
Block:
object={type=box;origin={555,0,0};vector1={0,0,0};vector2={0.001,555,555};texture={type=solid;color={0,1,0}};material={type=matte;kd=1}}

WARNING:
Has no direction. Using default param
SUCCESS:
Render this object
Block:
object={type=box;origin={0,0,0};vector1={0,0,0};vector2={555,0.001,555};texture={type=solid;color={1,1,1}};material={type=matte;kd=1}}

WARNING:
Has no direction. Using default param
SUCCESS:
Render this object
Block:
object={type=box;origin={0,555,0};vector1={0,0,0};vector2={555,0.001,555};texture={type=solid;color={1,1,1}};material={type=matte;kd=1}}

WARNING:
Has no direction. Using default param
SUCCESS:
Render this object
Block:
object={type=box;origin={0,0,555};vector1={0,0,0};vector2={555,555,0.001};texture={type=solid;color={1,1,1}};material={type=matte;kd=1}}

WARNING:
Has no direction. Using default param
SUCCESS:
Render this object
Block:
object={type=box;origin={265,0,135};vector1={0,0,0};vector2={165,165,165};rotation={0,18,0};texture={type=solid;color={1,1,1}};material={type=matte;kd=1}}

WARNING:
Has no direction. Using default param
SUCCESS:
Render this object
Block:
object={type=box;origin={130,0,265};vector1={0,0,0};vector2={165,330,165};rotation={0,-18,0};texture={type=solid;color={1,1,1}};material={type=matte;kd=1}}

